<?xml version="1.0" encoding="UTF-8"?>
<!-- Generated by org.testng.reporters.JUnitXMLReporter -->
<testsuite ignored="9" hostname="DESKTOP-L9VVM4M" failures="0" tests="1" name="Default test" time="113.272" errors="0" timestamp="2022-07-13T16:31:43 IST">
  <testcase classname="Test.ScheduleModuleAdmin" name="createScheduleProfile" time="113.204"/>
  <testcase classname="Test.ScheduleModuleAdmin" name="createSceduleForOffline" time="0.0">
    <ignored/>
  </testcase> <!-- createSceduleForOffline -->
  <testcase classname="Test.ScheduleModuleAdmin" name="createSceduleForBroadcast" time="0.0">
    <ignored/>
  </testcase> <!-- createSceduleForBroadcast -->
  <testcase classname="Test.ScheduleModuleAdmin" name="doSearchFilterOper" time="0.0">
    <ignored/>
  </testcase> <!-- doSearchFilterOper -->
  <testcase classname="Test.ScheduleModuleAdmin" name="createSceduleForZoom40" time="0.0">
    <ignored/>
  </testcase> <!-- createSceduleForZoom40 -->
  <testcase classname="Test.ScheduleModuleAdmin" name="demo" time="0.0">
    <ignored/>
  </testcase> <!-- demo -->
  <testcase classname="Test.ScheduleModuleAdmin" name="validateEditInOccurance" time="0.0">
    <ignored/>
  </testcase> <!-- validateEditInOccurance -->
  <testcase classname="Test.ScheduleModuleAdmin" name="doSearchFilterOper2" time="0.0">
    <ignored/>
  </testcase> <!-- doSearchFilterOper2 -->
  <testcase classname="Test.ScheduleModuleAdmin" name="validateEditSchedule" time="0.0">
    <ignored/>
  </testcase> <!-- validateEditSchedule -->
  <testcase classname="Test.ScheduleModuleAdmin" name="doingDateSelection" time="0.0">
    <ignored/>
  </testcase> <!-- doingDateSelection -->
</testsuite> <!-- Default test -->
