<?xml version="1.0" encoding="UTF-8"?>
<!-- Generated by org.testng.reporters.JUnitXMLReporter -->
<testsuite ignored="8" hostname="DESKTOP-L9VVM4M" failures="0" tests="1" name="Default test" time="12.574" errors="0" timestamp="2022-07-20T15:51:51 IST">
  <testcase classname="Test.NotificationModuleDataOper" name="SearchOneMore" time="12.468"/>
  <testcase classname="Test.NotificationModuleDataOper" name="selectValuesIndropdown" time="0.0">
    <ignored/>
  </testcase> <!-- selectValuesIndropdown -->
  <testcase classname="Test.NotificationModuleDataOper" name="announcements" time="0.0">
    <ignored/>
  </testcase> <!-- announcements -->
  <testcase classname="Test.NotificationModuleDataOper" name="DigitalLibrery" time="0.0">
    <ignored/>
  </testcase> <!-- DigitalLibrery -->
  <testcase classname="Test.NotificationModuleDataOper" name="assignments" time="0.0">
    <ignored/>
  </testcase> <!-- assignments -->
  <testcase classname="Test.NotificationModuleDataOper" name="others" time="0.0">
    <ignored/>
  </testcase> <!-- others -->
  <testcase classname="Test.NotificationModuleDataOper" name="practiceTest" time="0.0">
    <ignored/>
  </testcase> <!-- practiceTest -->
  <testcase classname="Test.NotificationModuleDataOper" name="checkAllNotifiations" time="0.0">
    <ignored/>
  </testcase> <!-- checkAllNotifiations -->
  <testcase classname="Test.NotificationModuleDataOper" name="Test" time="0.0">
    <ignored/>
  </testcase> <!-- Test -->
</testsuite> <!-- Default test -->
