<?xml version="1.0" encoding="UTF-8"?>
<!-- Generated by org.testng.reporters.JUnitXMLReporter -->
<testsuite ignored="7" hostname="DESKTOP-L9VVM4M" failures="0" tests="1" name="Default test" time="111.407" errors="0" timestamp="2022-07-16T12:24:18 IST">
  <testcase classname="Test.NotificationModuleTeacher" name="checkAllNotifiations" time="111.357"/>
  <testcase classname="Test.NotificationModuleTeacher" name="announcements" time="0.0">
    <ignored/>
  </testcase> <!-- announcements -->
  <testcase classname="Test.NotificationModuleTeacher" name="others" time="0.0">
    <ignored/>
  </testcase> <!-- others -->
  <testcase classname="Test.NotificationModuleTeacher" name="selectValuesIndropdown" time="0.0">
    <ignored/>
  </testcase> <!-- selectValuesIndropdown -->
  <testcase classname="Test.NotificationModuleTeacher" name="DigitalLibrery" time="0.0">
    <ignored/>
  </testcase> <!-- DigitalLibrery -->
  <testcase classname="Test.NotificationModuleTeacher" name="Test" time="0.0">
    <ignored/>
  </testcase> <!-- Test -->
  <testcase classname="Test.NotificationModuleTeacher" name="practiceTest" time="0.0">
    <ignored/>
  </testcase> <!-- practiceTest -->
  <testcase classname="Test.NotificationModuleTeacher" name="assignments" time="0.0">
    <ignored/>
  </testcase> <!-- assignments -->
</testsuite> <!-- Default test -->
