<?xml version="1.0" encoding="UTF-8"?>
<!-- Generated by org.testng.reporters.JUnitXMLReporter -->
<testsuite ignored="0" hostname="DESKTOP-L9VVM4M" failures="0" tests="7" name="Default test" time="495.725" errors="0" timestamp="2022-10-27T11:26:25 IST">
  <testcase classname="Test.AllModulesSmokeTest" name="userCreations" time="170.956"/>
  <testcase classname="Test.AllModulesSmokeTest" name="validateUserManagementPage" time="114.544"/>
  <testcase classname="Test.AllModulesSmokeTest" name="registrationRequestsApprovals" time="15.155"/>
  <testcase classname="Test.AllModulesSmokeTest" name="validateRegistrationRequestsPage" time="72.115"/>
  <testcase classname="Test.AllModulesSmokeTest" name="CreateClassRoom" time="34.614"/>
  <testcase classname="Test.AllModulesSmokeTest" name="CourseCreations" time="60.464"/>
  <testcase classname="Test.AllModulesSmokeTest" name="CourseUpdate" time="27.761"/>
</testsuite> <!-- Default test -->
