<?xml version="1.0" encoding="UTF-8"?>
<!-- Generated by org.testng.reporters.JUnitXMLReporter -->
<testsuite ignored="0" hostname="DESKTOP-L9VVM4M" failures="0" tests="10" name="Default test" time="754.191" errors="0" timestamp="2022-10-22T12:42:19 IST">
  <testcase classname="Test.AllModulesSmokeTest" name="userCreations" time="165.611"/>
  <testcase classname="Test.AllModulesSmokeTest" name="validateUserManagementPage" time="112.509"/>
  <testcase classname="Test.AllModulesSmokeTest" name="registrationRequestsApprovals" time="15.126"/>
  <testcase classname="Test.AllModulesSmokeTest" name="validateRegistrationRequestsPage" time="71.792"/>
  <testcase classname="Test.AllModulesSmokeTest" name="CreateaNewClass" time="27.725"/>
  <testcase classname="Test.AllModulesSmokeTest" name="AddStudent" time="22.049"/>
  <testcase classname="Test.AllModulesSmokeTest" name="CourseCreations" time="58.926"/>
  <testcase classname="Test.AllModulesSmokeTest" name="CourseUpdate" time="27.64"/>
  <testcase classname="Test.AllModulesSmokeTest" name="createScheduleProfile" time="124.999"/>
  <testcase classname="Test.AllModulesSmokeTest" name="createSceduleForBroadcast" time="127.739"/>
</testsuite> <!-- Default test -->
