<?xml version="1.0" encoding="UTF-8"?>
<testsuite xmlns:xsi="http://www.w3.org/2001/XMLSchema-instance" xsi:noNamespaceSchemaLocation="https://maven.apache.org/surefire/maven-surefire-plugin/xsd/surefire-test-report-3.0.xsd" version="3.0" name="TestSuite" time="503.056" tests="8" errors="0" skipped="0" failures="0">
  <properties>
[...]
</properties>
  <testcase name="checkAllNotifiations" classname="Test.NotificationModuleDataOper" time="113.443">
    <system-out><![CDATA[clicked on Mobile button 
The Send OTP message is 
First test case 1 started 
Cliked on :Notification
99+
Clicked on : All Notifications(793)
The size is :10
]]></system-out>
    <system-err><![CDATA[SLF4J: Failed to load class "org.slf4j.impl.StaticLoggerBinder".
SLF4J: Defaulting to no-operation (NOP) logger implementation
SLF4J: See http://www.slf4j.org/codes.html#StaticLoggerBinder for further details.
ERROR StatusLogger Log4j2 could not find a logging implementation. Please add log4j-core to the classpath. Using SimpleLogger to log to the console...
Starting ChromeDriver 105.0.5195.52 (412c95e518836d8a7d97250d62b29c2ae6a26a85-refs/branch-heads/5195@{#853}) on port 59531
Only local connections are allowed.
Please see https://chromedriver.chromium.org/security-considerations for suggestions on keeping ChromeDriver safe.
ChromeDriver was started successfully.
Oct 10, 2022 3:09:50 PM org.openqa.selenium.remote.ProtocolHandshake createSession
INFO: Detected dialect: W3C
Oct 10, 2022 3:09:50 PM org.openqa.selenium.devtools.CdpVersionFinder findNearestMatch
WARNING: Unable to find an exact match for CDP version 105, so returning the closest version found: a no-op implementation
Oct 10, 2022 3:09:50 PM org.openqa.selenium.devtools.CdpVersionFinder findNearestMatch
INFO: Unable to find CDP implementation matching 105.
Oct 10, 2022 3:09:50 PM org.openqa.selenium.chromium.ChromiumDriver lambda$new$3
WARNING: Unable to find version of CDP to use for . You may need to include a dependency on a specific version of the CDP using something similar to `org.seleniumhq.selenium:selenium-devtools-v86:4.1.3` where the version ("v86") matches the version of the chromium-based browser you're using and the version number of the artifact is the same as Selenium's.
]]></system-err>
  </testcase>
  <testcase name="selectValuesIndropdown" classname="Test.NotificationModuleDataOper" time="50.123">
    <system-out><![CDATA[First test case 2 started 
Cliked on :Notification
99+
Clicked on : All Notifications(793)
Clicked on the iteams names is :All
Clicked on the iteams names is :Today
Clicked on the iteams names is :Yesterday
Clicked on the iteams names is :This week
Clicked on the iteams names is :This month
]]></system-out>
  </testcase>
  <testcase name="announcements" classname="Test.NotificationModuleDataOper" time="50.068">
    <system-out><![CDATA[First test case 3 started 
Cliked on :Notification
99+
Clicked on :Announcements(84)
Clicked on the iteams names is :All
Clicked on the iteams names is :Today
Clicked on the iteams names is :Yesterday
Clicked on the iteams names is :This week
Clicked on the iteams names is :This month
]]></system-out>
  </testcase>
  <testcase name="assignments" classname="Test.NotificationModuleDataOper" time="50.085">
    <system-out><![CDATA[First test case 4 started 
Cliked on :Notification
99+
Clicked on :Assignments(0)
Clicked on the iteams names is :All
Clicked on the iteams names is :Today
Clicked on the iteams names is :Yesterday
Clicked on the iteams names is :This week
Clicked on the iteams names is :This month
First test case 4 Completed 
]]></system-out>
  </testcase>
  <testcase name="Test" classname="Test.NotificationModuleDataOper" time="50.114">
    <system-out><![CDATA[First test case 5 started 
Cliked on :Notification
99+
Clicked on :Test(16)
Clicked on the iteams names is :All
Clicked on the iteams names is :Today
Clicked on the iteams names is :Yesterday
Clicked on the iteams names is :This week
Clicked on the iteams names is :This month
First test case 5 Completed 
]]></system-out>
  </testcase>
  <testcase name="practiceTest" classname="Test.NotificationModuleDataOper" time="50.093">
    <system-out><![CDATA[First test case 6 started 
Cliked on :Notification
99+
Clicked on :Practice Test(2)
Clicked on the iteams names is :All
Clicked on the iteams names is :Today
Clicked on the iteams names is :Yesterday
Clicked on the iteams names is :This week
Clicked on the iteams names is :This month
First test case 6 Completed 
]]></system-out>
  </testcase>
  <testcase name="DigitalLibrery" classname="Test.NotificationModuleDataOper" time="49.962">
    <system-out><![CDATA[First test case 7 started 
Cliked on :Notification
99+
Clicked on :Others(691)
Clicked on the iteams names is :All
Clicked on the iteams names is :Today
Clicked on the iteams names is :Yesterday
Clicked on the iteams names is :This week
Clicked on the iteams names is :This month
First test case 7 Completed 
]]></system-out>
  </testcase>
  <testcase name="others" classname="Test.NotificationModuleDataOper" time="49.832">
    <system-out><![CDATA[First test case 8 started 
Cliked on :Notification
99+
Clicked on :Others(691)
Clicked on the iteams names is :All
Clicked on the iteams names is :Today
Clicked on the iteams names is :Yesterday
Clicked on the iteams names is :This week
Clicked on the iteams names is :This month
First test case 8 Completed 
]]></system-out>
  </testcase>
</testsuite>