<?xml version="1.0" encoding="UTF-8"?>
<testng-results ignored="0" total="8" passed="8" failed="0" skipped="0">
  <reporter-output>
  </reporter-output>
  <suite started-at="2022-10-10T15:10:23 IST" name="Suite" finished-at="2022-10-10T15:18:07 IST" duration-ms="463955">
    <groups>
    </groups>
    <test started-at="2022-10-10T15:10:23 IST" name="Test" finished-at="2022-10-10T15:18:07 IST" duration-ms="463955">
      <class name="Test.NotificationModuleDataOper">
        <test-method is-config="true" signature="setup()[pri:0, instance:Test.NotificationModuleDataOper@6e6f2380]" started-at="2022-10-10T15:09:46 IST" name="setup" finished-at="2022-10-10T15:10:23 IST" duration-ms="37882" status="PASS">
          <reporter-output>
          </reporter-output>
        </test-method> <!-- setup -->
        <test-method signature="checkAllNotifiations()[pri:1, instance:Test.NotificationModuleDataOper@6e6f2380]" started-at="2022-10-10T15:10:24 IST" name="checkAllNotifiations" finished-at="2022-10-10T15:12:17 IST" duration-ms="113448" status="PASS">
          <reporter-output>
          </reporter-output>
        </test-method> <!-- checkAllNotifiations -->
        <test-method signature="selectValuesIndropdown()[pri:2, instance:Test.NotificationModuleDataOper@6e6f2380]" started-at="2022-10-10T15:12:17 IST" name="selectValuesIndropdown" finished-at="2022-10-10T15:13:07 IST" duration-ms="50121" status="PASS">
          <reporter-output>
          </reporter-output>
        </test-method> <!-- selectValuesIndropdown -->
        <test-method signature="announcements()[pri:3, instance:Test.NotificationModuleDataOper@6e6f2380]" started-at="2022-10-10T15:13:07 IST" name="announcements" finished-at="2022-10-10T15:13:57 IST" duration-ms="50068" status="PASS">
          <reporter-output>
          </reporter-output>
        </test-method> <!-- announcements -->
        <test-method signature="assignments()[pri:4, instance:Test.NotificationModuleDataOper@6e6f2380]" started-at="2022-10-10T15:13:57 IST" name="assignments" finished-at="2022-10-10T15:14:47 IST" duration-ms="50082" status="PASS">
          <reporter-output>
          </reporter-output>
        </test-method> <!-- assignments -->
        <test-method signature="Test()[pri:5, instance:Test.NotificationModuleDataOper@6e6f2380]" started-at="2022-10-10T15:14:47 IST" name="Test" finished-at="2022-10-10T15:15:37 IST" duration-ms="50110" status="PASS">
          <reporter-output>
          </reporter-output>
        </test-method> <!-- Test -->
        <test-method signature="practiceTest()[pri:6, instance:Test.NotificationModuleDataOper@6e6f2380]" started-at="2022-10-10T15:15:37 IST" name="practiceTest" finished-at="2022-10-10T15:16:28 IST" duration-ms="50093" status="PASS">
          <reporter-output>
          </reporter-output>
        </test-method> <!-- practiceTest -->
        <test-method signature="DigitalLibrery()[pri:7, instance:Test.NotificationModuleDataOper@6e6f2380]" started-at="2022-10-10T15:16:28 IST" name="DigitalLibrery" finished-at="2022-10-10T15:17:18 IST" duration-ms="49960" status="PASS">
          <reporter-output>
          </reporter-output>
        </test-method> <!-- DigitalLibrery -->
        <test-method signature="others()[pri:8, instance:Test.NotificationModuleDataOper@6e6f2380]" started-at="2022-10-10T15:17:18 IST" name="others" finished-at="2022-10-10T15:18:07 IST" duration-ms="49833" status="PASS">
          <reporter-output>
          </reporter-output>
        </test-method> <!-- others -->
      </class> <!-- Test.NotificationModuleDataOper -->
    </test> <!-- Test -->
  </suite> <!-- Suite -->
</testng-results>
