<?xml version="1.0" encoding="UTF-8"?>
<testng-results ignored="0" total="7" passed="7" failed="0" skipped="0">
  <reporter-output>
  </reporter-output>
  <suite started-at="2022-10-27T11:28:00 IST" name="Suite" finished-at="2022-10-27T11:36:11 IST" duration-ms="491370">
    <groups>
    </groups>
    <test started-at="2022-10-27T11:28:00 IST" name="Test" finished-at="2022-10-27T11:36:11 IST" duration-ms="491370">
      <class name="Test.AllModulesSmokeTest">
        <test-method is-config="true" signature="setup()[pri:0, instance:Test.AllModulesSmokeTest@750e2b97]" started-at="2022-10-27T11:27:28 IST" name="setup" finished-at="2022-10-27T11:28:00 IST" duration-ms="32053" status="PASS">
          <reporter-output>
          </reporter-output>
        </test-method> <!-- setup -->
        <test-method signature="userCreations()[pri:1, instance:Test.AllModulesSmokeTest@750e2b97]" started-at="2022-10-27T11:28:00 IST" name="userCreations" finished-at="2022-10-27T11:30:47 IST" duration-ms="167148" status="PASS">
          <reporter-output>
          </reporter-output>
        </test-method> <!-- userCreations -->
        <test-method signature="validateUserManagementPage()[pri:2, instance:Test.AllModulesSmokeTest@750e2b97]" started-at="2022-10-27T11:30:47 IST" name="validateUserManagementPage" finished-at="2022-10-27T11:32:42 IST" duration-ms="114994" status="PASS">
          <reporter-output>
          </reporter-output>
        </test-method> <!-- validateUserManagementPage -->
        <test-method signature="registrationRequestsApprovals()[pri:3, instance:Test.AllModulesSmokeTest@750e2b97]" started-at="2022-10-27T11:32:42 IST" name="registrationRequestsApprovals" finished-at="2022-10-27T11:32:58 IST" duration-ms="15592" status="PASS">
          <reporter-output>
          </reporter-output>
        </test-method> <!-- registrationRequestsApprovals -->
        <test-method signature="validateRegistrationRequestsPage()[pri:4, instance:Test.AllModulesSmokeTest@750e2b97]" started-at="2022-10-27T11:32:58 IST" name="validateRegistrationRequestsPage" finished-at="2022-10-27T11:34:09 IST" duration-ms="71809" status="PASS">
          <reporter-output>
          </reporter-output>
        </test-method> <!-- validateRegistrationRequestsPage -->
        <test-method signature="CreateClassRoom()[pri:6, instance:Test.AllModulesSmokeTest@750e2b97]" started-at="2022-10-27T11:34:09 IST" name="CreateClassRoom" finished-at="2022-10-27T11:34:44 IST" duration-ms="34289" status="PASS">
          <reporter-output>
          </reporter-output>
        </test-method> <!-- CreateClassRoom -->
        <test-method signature="CourseCreations()[pri:7, instance:Test.AllModulesSmokeTest@750e2b97]" started-at="2022-10-27T11:34:44 IST" name="CourseCreations" finished-at="2022-10-27T11:35:44 IST" duration-ms="59963" status="PASS">
          <reporter-output>
          </reporter-output>
        </test-method> <!-- CourseCreations -->
        <test-method signature="CourseUpdate()[pri:8, instance:Test.AllModulesSmokeTest@750e2b97]" started-at="2022-10-27T11:35:44 IST" name="CourseUpdate" finished-at="2022-10-27T11:36:11 IST" duration-ms="27470" status="PASS">
          <reporter-output>
          </reporter-output>
        </test-method> <!-- CourseUpdate -->
      </class> <!-- Test.AllModulesSmokeTest -->
    </test> <!-- Test -->
  </suite> <!-- Suite -->
</testng-results>
