<?xml version="1.0" encoding="UTF-8"?>
<testng-results ignored="9" total="10" passed="1" failed="0" skipped="0">
  <reporter-output>
  </reporter-output>
  <suite started-at="2022-07-13T16:29:50 IST" name="Default suite" finished-at="2022-07-13T16:31:43 IST" duration-ms="113272">
    <groups>
    </groups>
    <test started-at="2022-07-13T16:29:50 IST" name="Default test" finished-at="2022-07-13T16:31:43 IST" duration-ms="113272">
      <class name="Test.ScheduleModuleAdmin">
        <test-method is-config="true" signature="setup()[pri:0, instance:Test.ScheduleModuleAdmin@26d9b808]" started-at="2022-07-13T16:29:22 IST" name="setup" finished-at="2022-07-13T16:29:50 IST" duration-ms="27594" status="PASS">
          <reporter-output>
          </reporter-output>
        </test-method> <!-- setup -->
        <test-method signature="createScheduleProfile()[pri:0, instance:Test.ScheduleModuleAdmin@26d9b808]" started-at="2022-07-13T16:29:50 IST" name="createScheduleProfile" finished-at="2022-07-13T16:31:43 IST" duration-ms="113204" status="PASS">
          <reporter-output>
          </reporter-output>
        </test-method> <!-- createScheduleProfile -->
      </class> <!-- Test.ScheduleModuleAdmin -->
    </test> <!-- Default test -->
  </suite> <!-- Default suite -->
</testng-results>
