<?xml version="1.0" encoding="UTF-8"?>
<testng-results ignored="8" total="9" passed="1" failed="0" skipped="0">
  <reporter-output>
  </reporter-output>
  <suite started-at="2022-07-20T15:51:39 IST" name="Default suite" finished-at="2022-07-20T15:51:51 IST" duration-ms="12574">
    <groups>
    </groups>
    <test started-at="2022-07-20T15:51:39 IST" name="Default test" finished-at="2022-07-20T15:51:51 IST" duration-ms="12574">
      <class name="Test.NotificationModuleDataOper">
        <test-method is-config="true" signature="setup()[pri:0, instance:Test.NotificationModuleDataOper@173ed316]" started-at="2022-07-20T15:51:01 IST" name="setup" finished-at="2022-07-20T15:51:39 IST" duration-ms="37411" status="PASS">
          <reporter-output>
          </reporter-output>
        </test-method> <!-- setup -->
        <test-method signature="SearchOneMore()[pri:9, instance:Test.NotificationModuleDataOper@173ed316]" started-at="2022-07-20T15:51:39 IST" name="SearchOneMore" finished-at="2022-07-20T15:51:51 IST" duration-ms="12468" status="PASS">
          <reporter-output>
          </reporter-output>
        </test-method> <!-- SearchOneMore -->
      </class> <!-- Test.NotificationModuleDataOper -->
    </test> <!-- Default test -->
  </suite> <!-- Default suite -->
</testng-results>
