<?xml version="1.0" encoding="UTF-8"?>
<testng-results ignored="7" total="8" passed="1" failed="0" skipped="0">
  <reporter-output>
  </reporter-output>
  <suite started-at="2022-07-16T12:22:27 IST" name="Default suite" finished-at="2022-07-16T12:24:18 IST" duration-ms="111407">
    <groups>
    </groups>
    <test started-at="2022-07-16T12:22:27 IST" name="Default test" finished-at="2022-07-16T12:24:18 IST" duration-ms="111407">
      <class name="Test.NotificationModuleTeacher">
        <test-method is-config="true" signature="setup()[pri:0, instance:Test.NotificationModuleTeacher@298a5e20]" started-at="2022-07-16T12:21:49 IST" name="setup" finished-at="2022-07-16T12:22:27 IST" duration-ms="38310" status="PASS">
          <reporter-output>
          </reporter-output>
        </test-method> <!-- setup -->
        <test-method signature="checkAllNotifiations()[pri:1, instance:Test.NotificationModuleTeacher@298a5e20]" started-at="2022-07-16T12:22:27 IST" name="checkAllNotifiations" finished-at="2022-07-16T12:24:18 IST" duration-ms="111357" status="PASS">
          <reporter-output>
          </reporter-output>
        </test-method> <!-- checkAllNotifiations -->
      </class> <!-- Test.NotificationModuleTeacher -->
    </test> <!-- Default test -->
  </suite> <!-- Default suite -->
</testng-results>
