<?xml version="1.0" encoding="UTF-8"?>
<testng-results ignored="0" total="1" passed="1" failed="0" skipped="0">
  <reporter-output>
  </reporter-output>
  <suite started-at="2022-07-11T16:32:00 IST" name="Default suite" finished-at="2022-07-11T16:32:57 IST" duration-ms="57436">
    <groups>
    </groups>
    <test started-at="2022-07-11T16:32:00 IST" name="Default test" finished-at="2022-07-11T16:32:57 IST" duration-ms="57436">
      <class name="Test.RegistrationTest">
        <test-method is-config="true" signature="setup()[pri:0, instance:Test.RegistrationTest@428640fa]" started-at="2022-07-11T16:32:00 IST" name="setup" finished-at="2022-07-11T16:32:24 IST" duration-ms="23783" status="PASS">
          <reporter-output>
          </reporter-output>
        </test-method> <!-- setup -->
        <test-method signature="fillRegistartionDetails()[pri:0, instance:Test.RegistrationTest@428640fa]" started-at="2022-07-11T16:32:24 IST" name="fillRegistartionDetails" finished-at="2022-07-11T16:32:57 IST" duration-ms="33581" status="PASS">
          <reporter-output>
          </reporter-output>
        </test-method> <!-- fillRegistartionDetails -->
      </class> <!-- Test.RegistrationTest -->
    </test> <!-- Default test -->
  </suite> <!-- Default suite -->
</testng-results>
